<?xml version='1.0' encoding='UTF-8'?>
<testsuite hostname="nihalk-ThinkPad-E15-Gen-4" name="trees.TreeSpec" tests="3" errors="0" failures="0" skipped="0" time="0.02" timestamp="2024-11-30T23:20:27">
          <properties>
      <property name="awt.toolkit" value="sun.awt.X11.XToolkit"/><property name="java.specification.version" value="11"/><property name="sun.cpu.isalist" value=""/><property name="sun.jnu.encoding" value="UTF-8"/><property name="sun.arch.data.model" value="64"/><property name="java.vendor.url" value="https://ubuntu.com/"/><property name="sun.boot.library.path" value="/usr/lib/jvm/java-11-openjdk-amd64/lib"/><property name="sun.java.command" value="/home/nihalk/.cache/coursier/arc/https/github.com/sbt/sbt/releases/download/v1.8.3/sbt-1.8.3.zip/sbt/bin/sbt-launch.jar"/><property name="jdk.debug" value="release"/><property name="java.specification.vendor" value="Oracle Corporation"/><property name="java.version.date" value="2024-10-15"/><property name="java.home" value="/usr/lib/jvm/java-11-openjdk-amd64"/><property name="file.separator" value="/"/><property name="java.vm.compressedOopsMode" value="32-bit"/><property name="line.separator" value="
"/><property name="java.specification.name" value="Java Platform API Specification"/><property name="java.vm.specification.vendor" value="Oracle Corporation"/><property name="sun.management.compiler" value="HotSpot 64-Bit Tiered Compilers"/><property name="java.runtime.version" value="11.0.25+9-post-Ubuntu-1ubuntu124.04"/><property name="user.name" value="nihalk"/><property name="log4j.ignoreTCL" value="true"/><property name="file.encoding" value="UTF-8"/><property name="jnidispatch.path" value="/home/nihalk/.cache/JNA/temp/jna1961664337272979566.tmp"/><property name="jna.loaded" value="true"/><property name="java.io.tmpdir" value="/tmp"/><property name="java.version" value="11.0.25"/><property name="java.vm.specification.name" value="Java Virtual Machine Specification"/><property name="java.awt.printerjob" value="sun.print.PSPrinterJob"/><property name="sun.os.patch.level" value="unknown"/><property name="java.library.path" value="/usr/java/packages/lib:/usr/lib/x86_64-linux-gnu/jni:/lib/x86_64-linux-gnu:/usr/lib/x86_64-linux-gnu:/usr/lib/jni:/lib:/usr/lib"/><property name="java.vendor" value="Ubuntu"/><property name="java.specification.maintenance.version" value="3"/><property name="scala.ext.dirs" value="/home/nihalk/.sbt/1.0/java9-rt-ext-ubuntu_11_0_25"/><property name="sun.io.unicode.encoding" value="UnicodeLittle"/><property name="sun.desktop" value="gnome"/><property name="java.class.path" value="/home/nihalk/.cache/coursier/arc/https/github.com/sbt/sbt/releases/download/v1.8.3/sbt-1.8.3.zip/sbt/bin/sbt-launch.jar"/><property name="java.vm.vendor" value="Ubuntu"/><property name="jline.shutdownhook" value="false"/><property name="user.timezone" value="Asia/Kolkata"/><property name="os.name" value="Linux"/><property name="java.vm.specification.version" value="11"/><property name="sun.java.launcher" value="SUN_STANDARD"/><property name="user.country" value="IN"/><property name="sun.cpu.endian" value="little"/><property name="user.home" value="/home/nihalk"/><property name="user.language" value="en"/><property name="sbt.script" value="/home/nihalk/.cache/coursier/arc/https/github.com/sbt/sbt/releases/download/v1.8.3/sbt-1.8.3.zip/sbt/bin/sbt"/><property name="sbt.ipcsocket.tmpdir" value="/run/user/1000/.sbtbfadd2f8/ipcsocket"/><property name="swoval.tmpdir" value="/run/user/1000/.sbtbfadd2f8/swoval"/><property name="java.awt.graphicsenv" value="sun.awt.X11GraphicsEnvironment"/><property name="jline.esc.timeout" value="0"/><property name="path.separator" value=":"/><property name="os.version" value="6.8.0-49-generic"/><property name="jna.nosys" value="true"/><property name="java.runtime.name" value="OpenJDK Runtime Environment"/><property name="java.vm.name" value="OpenJDK 64-Bit Server VM"/><property name="jna.platform.library.path" value="/usr/lib/x86_64-linux-gnu:/lib/x86_64-linux-gnu:/usr/lib64:/lib64:/usr/lib:/lib"/><property name="java.vendor.url.bug" value="https://bugs.launchpad.net/ubuntu/+source/openjdk-lts"/><property name="user.dir" value="/home/nihalk/Programmes/Scala/FunctionalProgrammingDSA"/><property name="os.arch" value="amd64"/><property name="java.vm.info" value="mixed mode, sharing"/><property name="java.vm.version" value="11.0.25+9-post-Ubuntu-1ubuntu124.04"/><property name="java.class.version" value="55.0"/>
    </properties>
          <testcase classname="trees.TreeSpec" name="A BTree inorder traversal should traverse nodes in the order root -&gt; leftChildTree -&gt; rightChildTree" time="0.018">
                      
                    </testcase><testcase classname="trees.TreeSpec" name="A BTree check leaves should check if a node is a leaf" time="0.002">
                      
                    </testcase><testcase classname="trees.TreeSpec" name="A BTree leaves collection should collect leaves" time="0.0">
                      
                    </testcase>
          <system-out><![CDATA[]]></system-out>
          <system-err><![CDATA[]]></system-err>
        </testsuite>